<?xml version="1.0" encoding="UTF-8" ?>
<testsuites>
 <testsuite name="Basic Assumptions" timestamp="2014-10-27T15:39:04" hostname="localhost" time="0.006" errors="0" tests="2" skipped="0" disabled="0" failures="0">
  <testcase classname="Basic Assumptions" name="has ExtJS4 loaded" time="0.004">
  </testcase>
  <testcase classname="Basic Assumptions" name="has loaded BugTracker code" time="0">
  </testcase>
 </testsuite>
 <testsuite name="BugsController refs" timestamp="2014-10-27T15:39:04" hostname="localhost" time="0.124" errors="0" tests="2" skipped="0" disabled="0" failures="0">
  <testcase classname="BugsController refs" name="should ref detail" time="0.123">
  </testcase>
  <testcase classname="BugsController refs" name="should ref master" time="0.001">
  </testcase>
 </testsuite>
</testsuites>